[    0.000000] Linux version 4.15.0-101-generic (buildd@lgw01-amd64-003) (gcc version 7.5.0 (Ubuntu 7.5.0-3ubuntu1~18.04)) #102-Ubuntu SMP Mon May 11 10:07:26 UTC 2020 (Ubuntu 4.15.0-101.102-generic 4.15.18)
[    0.000000] Command line: BOOT_IMAGE=/boot/vmlinuz-4.15.0-101-generic root=LABEL=cloudimg-rootfs ro console=tty1 console=ttyS0
[    0.000000] KERNEL supported cpus:
[    0.000000]   Intel GenuineIntel
[    0.000000]   AMD AuthenticAMD
[    0.000000]   Centaur CentaurHauls
[    0.000000] x86/fpu: Supporting XSAVE feature 0x001: 'x87 floating point registers'
[    0.000000] x86/fpu: Supporting XSAVE feature 0x002: 'SSE registers'
[    0.000000] x86/fpu: Supporting XSAVE feature 0x004: 'AVX registers'
[    0.000000] x86/fpu: xstate_offset[2]:  576, xstate_sizes[2]:  256
[    0.000000] x86/fpu: Enabled xstate features 0x7, context size is 832 bytes, using 'standard' format.
[    0.000000] e820: BIOS-provided physical RAM map:
[    0.000000] BIOS-e820: [mem 0x0000000000000000-0x000000000009fbff] usable
[    0.000000] BIOS-e820: [mem 0x000000000009fc00-0x000000000009ffff] reserved
[    0.000000] BIOS-e820: [mem 0x00000000000f0000-0x00000000000fffff] reserved
[    0.000000] BIOS-e820: [mem 0x0000000000100000-0x00000000dffeffff] usable
[    0.000000] BIOS-e820: [mem 0x00000000dfff0000-0x00000000dfffffff] ACPI data
[    0.000000] BIOS-e820: [mem 0x00000000fec00000-0x00000000fec00fff] reserved
[    0.000000] BIOS-e820: [mem 0x00000000fee00000-0x00000000fee00fff] reserved
[    0.000000] BIOS-e820: [mem 0x00000000fffc0000-0x00000000ffffffff] reserved
[    0.000000] BIOS-e820: [mem 0x0000000100000000-0x000000011fffffff] usable
[    0.000000] NX (Execute Disable) protection: active
[    0.000000] SMBIOS 2.5 present.
[    0.000000] DMI: innotek GmbH VirtualBox/VirtualBox, BIOS VirtualBox 12/01/2006
[    0.000000] Hypervisor detected: KVM
[    0.000000] e820: last_pfn = 0x120000 max_arch_pfn = 0x400000000
[    0.000000] MTRR: Disabled
[    0.000000] x86/PAT: MTRRs disabled, skipping PAT initialization too.
[    0.000000] CPU MTRRs all blank - virtualized system.
[    0.000000] x86/PAT: Configuration [0-7]: WB  WT  UC- UC  WB  WT  UC- UC  
[    0.000000] e820: last_pfn = 0xdfff0 max_arch_pfn = 0x400000000
[    0.000000] found SMP MP-table at [mem 0x0009fff0-0x0009ffff]
[    0.000000] Scanning 1 areas for low memory corruption
[    0.000000] RAMDISK: [mem 0x35a6d000-0x36d2dfff]
[    0.000000] ACPI: Early table checksum verification disabled
[    0.000000] ACPI: RSDP 0x00000000000E0000 000024 (v02 VBOX  )
[    0.000000] ACPI: XSDT 0x00000000DFFF0030 00003C (v01 VBOX   VBOXXSDT 00000001 ASL  00000061)
[    0.000000] ACPI: FACP 0x00000000DFFF00F0 0000F4 (v04 VBOX   VBOXFACP 00000001 ASL  00000061)
[    0.000000] ACPI: DSDT 0x00000000DFFF0470 002325 (v02 VBOX   VBOXBIOS 00000002 INTL 20190509)
[    0.000000] ACPI: FACS 0x00000000DFFF0200 000040
[    0.000000] ACPI: FACS 0x00000000DFFF0200 000040
[    0.000000] ACPI: APIC 0x00000000DFFF0240 00005C (v02 VBOX   VBOXAPIC 00000001 ASL  00000061)
[    0.000000] ACPI: SSDT 0x00000000DFFF02A0 0001CC (v01 VBOX   VBOXCPUT 00000002 INTL 20190509)
[    0.000000] No NUMA configuration found
[    0.000000] Faking a node at [mem 0x0000000000000000-0x000000011fffffff]
[    0.000000] NODE_DATA(0) allocated [mem 0x11ffd1000-0x11fffbfff]
[    0.000000] kvm-clock: cpu 0, msr 1:1ff50001, primary cpu clock
[    0.000000] kvm-clock: Using msrs 4b564d01 and 4b564d00
[    0.000000] kvm-clock: using sched offset of 3710783800 cycles
[    0.000000] clocksource: kvm-clock: mask: 0xffffffffffffffff max_cycles: 0x1cd42e4dffb, max_idle_ns: 881590591483 ns
[    0.000000] Zone ranges:
[    0.000000]   DMA      [mem 0x0000000000001000-0x0000000000ffffff]
[    0.000000]   DMA32    [mem 0x0000000001000000-0x00000000ffffffff]
[    0.000000]   Normal   [mem 0x0000000100000000-0x000000011fffffff]
[    0.000000]   Device   empty
[    0.000000] Movable zone start for each node
[    0.000000] Early memory node ranges
[    0.000000]   node   0: [mem 0x0000000000001000-0x000000000009efff]
[    0.000000]   node   0: [mem 0x0000000000100000-0x00000000dffeffff]
[    0.000000]   node   0: [mem 0x0000000100000000-0x000000011fffffff]
[    0.000000] Reserved but unavailable: 98 pages
[    0.000000] Initmem setup node 0 [mem 0x0000000000001000-0x000000011fffffff]
[    0.000000] ACPI: PM-Timer IO Port: 0x4008
[    0.000000] IOAPIC[0]: apic_id 2, version 32, address 0xfec00000, GSI 0-23
[    0.000000] ACPI: INT_SRC_OVR (bus 0 bus_irq 0 global_irq 2 dfl dfl)
[    0.000000] ACPI: INT_SRC_OVR (bus 0 bus_irq 9 global_irq 9 low level)
[    0.000000] Using ACPI (MADT) for SMP configuration information
[    0.000000] smpboot: Allowing 2 CPUs, 0 hotplug CPUs
[    0.000000] PM: Registered nosave memory: [mem 0x00000000-0x00000fff]
[    0.000000] PM: Registered nosave memory: [mem 0x0009f000-0x0009ffff]
[    0.000000] PM: Registered nosave memory: [mem 0x000a0000-0x000effff]
[    0.000000] PM: Registered nosave memory: [mem 0x000f0000-0x000fffff]
[    0.000000] PM: Registered nosave memory: [mem 0xdfff0000-0xdfffffff]
[    0.000000] PM: Registered nosave memory: [mem 0xe0000000-0xfebfffff]
[    0.000000] PM: Registered nosave memory: [mem 0xfec00000-0xfec00fff]
[    0.000000] PM: Registered nosave memory: [mem 0xfec01000-0xfedfffff]
[    0.000000] PM: Registered nosave memory: [mem 0xfee00000-0xfee00fff]
[    0.000000] PM: Registered nosave memory: [mem 0xfee01000-0xfffbffff]
[    0.000000] PM: Registered nosave memory: [mem 0xfffc0000-0xffffffff]
[    0.000000] e820: [mem 0xe0000000-0xfebfffff] available for PCI devices
[    0.000000] Booting paravirtualized kernel on KVM
[    0.000000] clocksource: refined-jiffies: mask: 0xffffffff max_cycles: 0xffffffff, max_idle_ns: 7645519600211568 ns
[    0.000000] random: get_random_bytes called from start_kernel+0x99/0x4fd with crng_init=0
[    0.000000] setup_percpu: NR_CPUS:8192 nr_cpumask_bits:2 nr_cpu_ids:2 nr_node_ids:1
[    0.000000] percpu: Embedded 45 pages/cpu s147456 r8192 d28672 u1048576
[    0.000000] PV qspinlock hash table entries: 256 (order: 0, 4096 bytes)
[    0.000000] Built 1 zonelists, mobility grouping on.  Total pages: 1032057
[    0.000000] Policy zone: Normal
[    0.000000] Kernel command line: BOOT_IMAGE=/boot/vmlinuz-4.15.0-101-generic root=LABEL=cloudimg-rootfs ro console=tty1 console=ttyS0
[    0.000000] Memory: 4013672K/4193848K available (12300K kernel code, 2481K rwdata, 4268K rodata, 2432K init, 2712K bss, 180176K reserved, 0K cma-reserved)
[    0.000000] SLUB: HWalign=64, Order=0-3, MinObjects=0, CPUs=2, Nodes=1
[    0.000000] Kernel/User page tables isolation: enabled
[    0.000000] ftrace: allocating 39364 entries in 154 pages
[    0.004000] Hierarchical RCU implementation.
[    0.004000] 	RCU restricting CPUs from NR_CPUS=8192 to nr_cpu_ids=2.
[    0.004000] 	Tasks RCU enabled.
[    0.004000] RCU: Adjusting geometry for rcu_fanout_leaf=16, nr_cpu_ids=2
[    0.004000] NR_IRQS: 524544, nr_irqs: 440, preallocated irqs: 16
[    0.004000] Console: colour VGA+ 80x25
[    0.004000] console [tty1] enabled
[    0.004000] console [ttyS0] enabled
[    0.004000] ACPI: Core revision 20170831
[    0.004000] ACPI: 2 ACPI AML tables successfully acquired and loaded
[    0.004000] APIC: Switch to symmetric I/O mode setup
[    0.004000] x2apic enabled
[    0.004000] Switched APIC routing to physical x2apic.
[    0.006151] ..TIMER: vector=0x30 apic1=0 pin1=2 apic2=-1 pin2=-1
[    0.008004] tsc: Detected 2711.998 MHz processor
[    0.009397] Calibrating delay loop (skipped) preset value.. 5423.99 BogoMIPS (lpj=10847992)
[    0.012005] pid_max: default: 32768 minimum: 301
[    0.016057] Security Framework initialized
[    0.017437] Yama: becoming mindful.
[    0.018770] AppArmor: AppArmor initialized
[    0.022042] Dentry cache hash table entries: 524288 (order: 10, 4194304 bytes)
[    0.025042] Inode-cache hash table entries: 262144 (order: 9, 2097152 bytes)
[    0.028039] Mount-cache hash table entries: 8192 (order: 4, 65536 bytes)
[    0.032023] Mountpoint-cache hash table entries: 8192 (order: 4, 65536 bytes)
[    0.034806] Last level iTLB entries: 4KB 64, 2MB 8, 4MB 8
[    0.036004] Last level dTLB entries: 4KB 64, 2MB 0, 4MB 0, 1GB 4
[    0.037637] Spectre V1 : Mitigation: usercopy/swapgs barriers and __user pointer sanitization
[    0.040005] Spectre V2 : Mitigation: Full generic retpoline
[    0.041957] Spectre V2 : Spectre v2 / SpectreRSB mitigation: Filling RSB on context switch
[    0.044006] Speculative Store Bypass: Vulnerable
[    0.045613] MDS: Mitigation: Clear CPU buffers
[    0.048257] Freeing SMP alternatives memory: 36K
[    0.161480] smpboot: CPU0: Intel(R) Core(TM) i5-7200U CPU @ 2.50GHz (family: 0x6, model: 0x8e, stepping: 0x9)
[    0.164000] Performance Events: unsupported p6 CPU model 142 no PMU driver, software events only.
[    0.164055] Hierarchical SRCU implementation.
[    0.168929] NMI watchdog: Perf event create on CPU 0 failed with -2
[    0.171210] NMI watchdog: Perf NMI watchdog permanently disabled
[    0.172074] smp: Bringing up secondary CPUs ...
[    0.176124] x86: Booting SMP configuration:
[    0.177654] .... node  #0, CPUs:      #1
[    0.004000] kvm-clock: cpu 1, msr 1:1ff50041, secondary cpu clock
[    0.182230] smp: Brought up 1 node, 2 CPUs
[    0.182230] smpboot: Max logical packages: 1
[    0.184012] smpboot: Total of 2 processors activated (10847.99 BogoMIPS)
[    0.186565] devtmpfs: initialized
[    0.188071] x86/mm: Memory block size: 128MB
[    0.190196] evm: security.selinux
[    0.192009] evm: security.SMACK64
[    0.193076] evm: security.SMACK64EXEC
[    0.194574] evm: security.SMACK64TRANSMUTE
[    0.196005] evm: security.SMACK64MMAP
[    0.197229] evm: security.apparmor
[    0.198455] evm: security.ima
[    0.199441] evm: security.capability
[    0.200131] clocksource: jiffies: mask: 0xffffffff max_cycles: 0xffffffff, max_idle_ns: 7645041785100000 ns
[    0.204021] futex hash table entries: 512 (order: 3, 32768 bytes)
[    0.206097] pinctrl core: initialized pinctrl subsystem
[    0.208151] RTC time: 10:27:03, date: 11/18/22
[    0.209713] NET: Registered protocol family 16
[    0.211213] audit: initializing netlink subsys (disabled)
[    0.212044] audit: type=2000 audit(1668767228.403:1): state=initialized audit_enabled=0 res=1
[    0.216016] cpuidle: using governor ladder
[    0.217207] cpuidle: using governor menu
[    0.218462] ACPI: bus type PCI registered
[    0.220004] acpiphp: ACPI Hot Plug PCI Controller Driver version: 0.5
[    0.221881] PCI: Using configuration type 1 for base access
[    0.225580] HugeTLB registered 2.00 MiB page size, pre-allocated 0 pages
[    0.228135] ACPI: Added _OSI(Module Device)
[    0.229622] ACPI: Added _OSI(Processor Device)
[    0.232005] ACPI: Added _OSI(3.0 _SCP Extensions)
[    0.233747] ACPI: Added _OSI(Processor Aggregator Device)
[    0.235648] ACPI: Added _OSI(Linux-Dell-Video)
[    0.236005] ACPI: Added _OSI(Linux-Lenovo-NV-HDMI-Audio)
[    0.237672] ACPI: Added _OSI(Linux-HPI-Hybrid-Graphics)
[    0.240399] ACPI: Executed 1 blocks of module-level executable AML code
[    0.249845] ACPI: Interpreter enabled
[    0.251031] ACPI: (supports S0 S5)
[    0.252005] ACPI: Using IOAPIC for interrupt routing
[    0.256193] PCI: Using host bridge windows from ACPI; if necessary, use "pci=nocrs" and report a bug
[    0.258905] ACPI: Enabled 2 GPEs in block 00 to 07
[    0.270005] ACPI: PCI Root Bridge [PCI0] (domain 0000 [bus 00-ff])
[    0.272016] acpi PNP0A03:00: _OSC: OS supports [ASPM ClockPM Segments MSI]
[    0.274957] acpi PNP0A03:00: _OSC: not requesting OS control; OS requires [ExtendedConfig ASPM ClockPM MSI]
[    0.276024] acpi PNP0A03:00: fail to add MMCONFIG information, can't access extended PCI configuration space under this bridge.
[    0.280638] PCI host bridge to bus 0000:00
[    0.284006] pci_bus 0000:00: root bus resource [io  0x0000-0x0cf7 window]
[    0.286320] pci_bus 0000:00: root bus resource [io  0x0d00-0xffff window]
[    0.288007] pci_bus 0000:00: root bus resource [mem 0x000a0000-0x000bffff window]
[    0.292005] pci_bus 0000:00: root bus resource [mem 0xe0000000-0xfdffffff window]
[    0.294404] pci_bus 0000:00: root bus resource [bus 00-ff]
[    0.298675] pci 0000:00:01.1: legacy IDE quirk: reg 0x10: [io  0x01f0-0x01f7]
[    0.300005] pci 0000:00:01.1: legacy IDE quirk: reg 0x14: [io  0x03f6]
[    0.302199] pci 0000:00:01.1: legacy IDE quirk: reg 0x18: [io  0x0170-0x0177]
[    0.304007] pci 0000:00:01.1: legacy IDE quirk: reg 0x1c: [io  0x0376]
[    0.353235] pci 0000:00:07.0: quirk: [io  0x4000-0x403f] claimed by PIIX4 ACPI
[    0.355859] pci 0000:00:07.0: quirk: [io  0x4100-0x410f] claimed by PIIX4 SMB
[    0.386964] ACPI: PCI Interrupt Link [LNKA] (IRQs 5 9 10 *11)
[    0.388599] ACPI: PCI Interrupt Link [LNKB] (IRQs 5 9 *10 11)
[    0.392028] ACPI: PCI Interrupt Link [LNKC] (IRQs 5 *9 10 11)
[    0.394050] ACPI: PCI Interrupt Link [LNKD] (IRQs 5 9 10 *11)
[    0.398284] SCSI subsystem initialized
[    0.400159] pci 0000:00:02.0: vgaarb: setting as boot VGA device
[    0.402067] pci 0000:00:02.0: vgaarb: VGA device added: decodes=io+mem,owns=io+mem,locks=none
[    0.404014] pci 0000:00:02.0: vgaarb: bridge control possible
[    0.405708] vgaarb: loaded
[    0.408003] ACPI: bus type USB registered
[    0.409358] usbcore: registered new interface driver usbfs
[    0.411178] usbcore: registered new interface driver hub
[    0.412430] usbcore: registered new device driver usb
[    0.416047] EDAC MC: Ver: 3.0.0
[    0.420093] PCI: Using ACPI for IRQ routing
[    0.421997] NetLabel: Initializing
[    0.423049] NetLabel:  domain hash size = 128
[    0.424004] NetLabel:  protocols = UNLABELED CIPSOv4 CALIPSO
[    0.425983] NetLabel:  unlabeled traffic allowed by default
[    0.440026] clocksource: Switched to clocksource kvm-clock
[    0.458145] VFS: Disk quotas dquot_6.6.0
[    0.459575] VFS: Dquot-cache hash table entries: 512 (order 0, 4096 bytes)
[    0.462012] AppArmor: AppArmor Filesystem Enabled
[    0.463526] pnp: PnP ACPI init
[    0.466396] pnp: PnP ACPI: found 3 devices
[    0.482157] clocksource: acpi_pm: mask: 0xffffff max_cycles: 0xffffff, max_idle_ns: 2085701024 ns
[    0.485350] NET: Registered protocol family 2
[    0.487121] TCP established hash table entries: 32768 (order: 6, 262144 bytes)
[    0.489954] TCP bind hash table entries: 32768 (order: 7, 524288 bytes)
[    0.495020] TCP: Hash tables configured (established 32768 bind 32768)
[    0.497489] UDP hash table entries: 2048 (order: 4, 65536 bytes)
[    0.499714] UDP-Lite hash table entries: 2048 (order: 4, 65536 bytes)
[    0.501842] NET: Registered protocol family 1
[    0.503249] pci 0000:00:00.0: Limiting direct PCI/PCI transfers
[    0.504995] pci 0000:00:01.0: Activating ISA DMA hang workarounds
[    0.507108] pci 0000:00:02.0: Video device with shadowed ROM at [mem 0x000c0000-0x000dffff]
[    0.509842] Unpacking initramfs...
[    0.909250] Freeing initrd memory: 19204K
[    0.916304] PCI-DMA: Using software bounce buffering for IO (SWIOTLB)
[    0.919382] software IO TLB: mapped [mem 0xdbff0000-0xdfff0000] (64MB)
[    0.923680] clocksource: tsc: mask: 0xffffffffffffffff max_cycles: 0x27178451938, max_idle_ns: 440795251172 ns
[    0.932243] platform rtc_cmos: registered platform RTC device (no PNP device found)
[    0.946182] Scanning for low memory corruption every 60 seconds
[    0.954804] Initialise system trusted keyrings
[    0.957786] Key type blacklist registered
[    0.960456] workingset: timestamp_bits=36 max_order=20 bucket_order=0
[    0.970559] zbud: loaded
[    0.978271] squashfs: version 4.0 (2009/01/31) Phillip Lougher
[    0.981770] fuse init (API version 7.26)
[    0.995391] Key type asymmetric registered
[    0.997968] Asymmetric key parser 'x509' registered
[    1.000429] Block layer SCSI generic (bsg) driver version 0.4 loaded (major 246)
[    1.004123] io scheduler noop registered
[    1.005465] io scheduler deadline registered
[    1.006757] io scheduler cfq registered (default)
[    1.008513] ACPI: AC Adapter [AC] (on-line)
[    1.009802] input: Power Button as /devices/LNXSYSTM:00/LNXPWRBN:00/input/input0
[    1.015099] ACPI: Power Button [PWRF]
[    1.016773] input: Sleep Button as /devices/LNXSYSTM:00/LNXSLPBN:00/input/input1
[    1.019658] ACPI: Sleep Button [SLPF]
[    1.021687] Serial: 8250/16550 driver, 32 ports, IRQ sharing enabled
[    1.022883] ACPI: Battery Slot [BAT0] (battery present)
[    1.049039] 00:02: ttyS0 at I/O 0x3f8 (irq = 4, base_baud = 115200) is a 16550A
[    1.059751] Linux agpgart interface v0.103
[    1.069004] loop: module loaded
[    1.070628] scsi host0: ata_piix
[    1.072045] scsi host1: ata_piix
[    1.073236] ata1: PATA max UDMA/33 cmd 0x1f0 ctl 0x3f6 bmdma 0xd000 irq 14
[    1.075334] ata2: PATA max UDMA/33 cmd 0x170 ctl 0x376 bmdma 0xd008 irq 15
[    1.081836] libphy: Fixed MDIO Bus: probed
[    1.083210] tun: Universal TUN/TAP device driver, 1.6
[    1.086586] PPP generic driver version 2.4.2
[    1.087929] ehci_hcd: USB 2.0 'Enhanced' Host Controller (EHCI) Driver
[    1.090132] ehci-pci: EHCI PCI platform driver
[    1.091588] ehci-platform: EHCI generic platform driver
[    1.093289] ohci_hcd: USB 1.1 'Open' Host Controller (OHCI) Driver
[    1.094981] ohci-pci: OHCI PCI platform driver
[    1.096580] ohci-platform: OHCI generic platform driver
[    1.098595] uhci_hcd: USB Universal Host Controller Interface driver
[    1.100535] i8042: PNP: PS/2 Controller [PNP0303:PS2K,PNP0f03:PS2M] at 0x60,0x64 irq 1,12
[    1.106985] serio: i8042 KBD port at 0x60,0x64 irq 1
[    1.108503] serio: i8042 AUX port at 0x60,0x64 irq 12
[    1.114130] mousedev: PS/2 mouse device common for all mice
[    1.120552] input: AT Translated Set 2 keyboard as /devices/platform/i8042/serio0/input/input2
[    1.123851] rtc_cmos rtc_cmos: rtc core: registered rtc_cmos as rtc0
[    1.126116] rtc_cmos rtc_cmos: alarms up to one day, 114 bytes nvram
[    1.128077] i2c /dev entries driver
[    1.129438] device-mapper: uevent: version 1.0.3
[    1.131381] device-mapper: ioctl: 4.37.0-ioctl (2017-09-20) initialised: dm-devel@redhat.com
[    1.136555] ledtrig-cpu: registered to indicate activity on CPUs
[    1.138819] NET: Registered protocol family 10
[    1.153752] Segment Routing with IPv6
[    1.155102] NET: Registered protocol family 17
[    1.160141] Key type dns_resolver registered
[    1.161949] mce: Using 0 MCE banks
[    1.163080] RAS: Correctable Errors collector initialized.
[    1.164970] sched_clock: Marking stable (1164921877, 0)->(1587082241, -422160364)
[    1.167886] registered taskstats version 1
[    1.169519] Loading compiled-in X.509 certificates
[    1.174450] Loaded X.509 cert 'Build time autogenerated kernel key: 81757e40860ca54b8a45e323b66799c03c91a344'
[    1.177873] zswap: loaded using pool lzo/zbud
[    1.184112] Key type big_key registered
[    1.185447] Key type trusted registered
[    1.189015] Key type encrypted registered
[    1.190352] AppArmor: AppArmor sha1 policy hashing enabled
[    1.192421] ima: No TPM chip found, activating TPM-bypass! (rc=-19)
[    1.194531] ima: Allocated hash algorithm: sha1
[    1.195949] evm: HMAC attrs: 0x1
[    1.197682]   Magic number: 14:369:477
[    1.199494] rtc_cmos rtc_cmos: setting system clock to 2022-11-18 10:27:04 UTC (1668767224)
[    1.202704] BIOS EDD facility v0.16 2004-Jun-25, 0 devices found
[    1.204846] EDD information not available.
[    1.274443] Freeing unused kernel image memory: 2432K
[    1.284158] Write protecting the kernel read-only data: 20480k
[    1.290592] Freeing unused kernel image memory: 2008K
[    1.292674] Freeing unused kernel image memory: 1876K
[    1.307797] x86/mm: Checked W+X mappings: passed, no W+X pages found.
[    1.310397] x86/mm: Checking user space page tables
[    1.326791] x86/mm: Checked W+X mappings: passed, no W+X pages found.
Loading, please wait...
starting version 237
[    1.455400] e1000: Intel(R) PRO/1000 Network Driver - version 7.3.21-k8-NAPI
[    1.457599] e1000: Copyright (c) 1999-2006 Intel Corporation.
[    1.486864] Fusion MPT base driver 3.04.20
[    1.489624] Copyright (c) 1999-2008 LSI Corporation
[    1.505821] AVX2 version of gcm_enc/dec engaged.
[    1.507979] AES CTR mode by8 optimization enabled
[    1.521428] Fusion MPT SPI Host driver 3.04.20
[    1.707934] input: ImExPS/2 Generic Explorer Mouse as /devices/platform/i8042/serio1/input/input4
[    1.929650] e1000 0000:00:03.0 eth0: (PCI:33MHz:32-bit) 02:d4:98:90:c8:2b
[    1.932380] e1000 0000:00:03.0 eth0: Intel(R) PRO/1000 Network Connection
[    1.937486] mptbase: ioc0: Initiating bringup
[    2.044451] ioc0: LSI53C1030 A0: Capabilities={Initiator}
[    2.290336] scsi host2: ioc0: LSI53C1030 A0, FwRev=00000000h, Ports=1, MaxQ=256, IRQ=20
[    2.464539] scsi 2:0:0:0: Direct-Access     VBOX     HARDDISK         1.0  PQ: 0 ANSI: 5
[    2.728114] scsi target2:0:0: Beginning Domain Validation
[    2.735101] scsi target2:0:0: Domain Validation skipping write tests
[    2.737941] scsi target2:0:0: Ending Domain Validation
[    2.746241] scsi target2:0:0: asynchronous
[    2.749339] scsi 2:0:1:0: Direct-Access     VBOX     HARDDISK         1.0  PQ: 0 ANSI: 5
[    2.870812] scsi target2:0:1: Beginning Domain Validation
[    2.878404] random: fast init done
[    2.880059] scsi target2:0:1: Domain Validation skipping write tests
[    2.883027] scsi target2:0:1: Ending Domain Validation
[    2.885120] scsi target2:0:1: asynchronous
[    2.891433] random: systemd-udevd: uninitialized urandom read (16 bytes read)
[    2.892559] e1000 0000:00:08.0 eth1: (PCI:33MHz:32-bit) 08:00:27:96:5f:a5
[    2.894049] random: systemd-udevd: uninitialized urandom read (16 bytes read)
[    2.896155] e1000 0000:00:08.0 eth1: Intel(R) PRO/1000 Network Connection
[    2.900556] sd 2:0:0:0: Attached scsi generic sg0 type 0
[    2.904814] random: systemd-udevd: uninitialized urandom read (16 bytes read)
[    2.905004] sd 2:0:1:0: Attached scsi generic sg1 type 0
[    2.907188] sd 2:0:0:0: [sda] 20971520 512-byte logical blocks: (10.7 GB/10.0 GiB)
[    2.911966] sd 2:0:0:0: [sda] Write Protect is off
[    2.913759] sd 2:0:1:0: [sdb] 20480 512-byte logical blocks: (10.5 MB/10.0 MiB)
[    2.916878] sd 2:0:1:0: [sdb] Write Protect is off
[    2.918119] e1000 0000:00:03.0 enp0s3: renamed from eth0
[    2.920412] sd 2:0:1:0: [sdb] Incomplete mode parameter data
[    2.922791] sd 2:0:1:0: [sdb] Assuming drive cache: write through
[    2.924097] sd 2:0:0:0: [sda] Incomplete mode parameter data
[    2.928454] sd 2:0:0:0: [sda] Assuming drive cache: write through
[    2.933739]  sda: sda1
[    2.935964] sd 2:0:0:0: [sda] Attached SCSI disk
[    2.938573] sd 2:0:1:0: [sdb] Attached SCSI disk
[    2.946579] e1000 0000:00:08.0 enp0s8: renamed from eth1
Begin: Loading essential drivers ... [    4.815136] raid6: sse2x1   gen()  9631 MB/s
[    4.864299] raid6: sse2x1   xor()  4752 MB/s
[    4.916015] raid6: sse2x2   gen()  8820 MB/s
[    4.975822] raid6: sse2x2   xor()  7859 MB/s
[    5.035865] raid6: sse2x4   gen() 12962 MB/s
[    5.095834] raid6: sse2x4   xor()  8177 MB/s
[    5.147865] raid6: avx2x1   gen() 15659 MB/s
[    5.203823] raid6: avx2x1   xor() 11533 MB/s
[    5.264056] raid6: avx2x2   gen() 19289 MB/s
[    5.319668] raid6: avx2x2   xor() 13876 MB/s
[    5.372022] raid6: avx2x4   gen() 20656 MB/s
[    5.432627] raid6: avx2x4   xor() 16062 MB/s
[    5.434042] raid6: using algorithm avx2x4 gen() 20656 MB/s
[    5.435661] raid6: .... xor() 16062 MB/s, rmw enabled
[    5.437523] raid6: using avx2x2 recovery algorithm
[    5.440612] xor: automatically using best checksumming function   avx       
[    5.448230] async_tx: api initialized (async)
done.
Begin: Running /scripts/init-premount ... done.
Begin: Mounting root file system ... Begin: Running /scripts/local-top ... done.
Begin: Running /scripts/local-premount ... [    5.514014] Btrfs loaded, crc32c=crc32c-intel
Scanning for Btrfs filesystems
done.
Warning: fsck not present, so skipping root file system
[    5.554108] EXT4-fs (sda1): mounted filesystem with ordered data mode. Opts: (null)
done.
Begin: Running /scripts/local-bottom ... done.
Begin: Running /scripts/init-bottom ... done.
[    5.791584] ip_tables: (C) 2000-2006 Netfilter Core Team
[    5.804073] systemd[1]: systemd 237 running in system mode. (+PAM +AUDIT +SELINUX +IMA +APPARMOR +SMACK +SYSVINIT +UTMP +LIBCRYPTSETUP +GCRYPT +GNUTLS +ACL +XZ +LZ4 +SECCOMP +BLKID +ELFUTILS +KMOD -IDN2 +IDN -PCRE2 default-hierarchy=hybrid)
[    5.810917] systemd[1]: Detected virtualization oracle.
[    5.812697] systemd[1]: Detected architecture x86-64.

Welcome to [1mUbuntu 18.04.4 LTS[0m!

[    5.857862] systemd[1]: Set hostname to <ubuntu>.
[    5.869845] systemd[1]: Initializing machine ID from random generator.
[    5.872122] systemd[1]: Installed transient /etc/machine-id file.
[    6.159035] systemd[1]: Reached target Swap.
[[0;32m  OK  [0m] Reached target Swap.
[    6.163863] systemd[1]: Created slice User and Session Slice.
[[0;32m  OK  [0m] Created slice User and Session Slice.
[    6.168511] systemd[1]: Created slice System Slice.
[[0;32m  OK  [0m] Created slice System Slice.
[    6.170852] systemd[1]: Listening on Journal Socket.
[[0;32m  OK  [0m] Listening on Journal Socket.
         Starting Set the console keyboard layout...
[[0;32m  OK  [0m] Listening on LVM2 poll daemon socket.
         Starting Uncomplicated firewall...
[[0;32m  OK  [0m] Listening on Network Service Netlink Socket.
[[0;32m  OK  [0m] Listening on Syslog Socket.
[[0;32m  OK  [0m] Created slice system-serial\x2dgetty.slice.
         Mounting Kernel Debug File System...
[[0;32m  OK  [0m] Listening on udev Control Socket.
[[0;32m  OK  [0m] Reached target Slices.
         Starting Load Kernel Modules...
[[0;32m  OK  [0m] Listening on Device-mapper event daemon FIFOs.
[[0;32m  OK  [0m] Listening on Journal Socket (/dev/log).
[[0;32m  OK  [0m] Listening on LVM2 metadata daemon socket.
[[0;32m  OK  [0m] Listening on udev Kernel Socket.
         Starting udev Coldplug all Devices...
[[0;32m  OK  [0m] Reached target User and Group Name Lookups.
         Mounting Huge Pages File System...
[[0;32m  OK  [0m] Started Forward Password Requests to Wall Directory Watch.
         Starting Monitoring of LVM2 mirrors…ng dmeventd or progress polling...
[    6.241834] Loading iSCSI transport class v2.0-870.
         Starting Remount Root and Kernel File Systems...
         Starting Create list of required st…ce nodes for the current kernel...
[[0;32m  OK  [0m] Set up automount Arbitrary Executab…rmats File System Automount Point.
[    6.255554] iscsi: registered transport (tcp)
         Mounting POSIX Message Queue File System...
[[0;32m  OK  [0m] Listening on Journal Audit Socket.
         Starting Journal Service...
[[0;32m  OK  [0m] Listening on /dev/initctl Compatibility Named Pipe.
[[0;32m  OK  [0m] Reached target System Time Synchronized.
[[0;32m  OK  [0m] Started Uncomplicated firewall.
[[0;32m  OK  [0m] Mounted Kernel Debug File System.[    6.360276] EXT4-fs (sda1): re-mounted. Opts: (null)

[[0;32m  OK  [0m] Mounted Huge Pages File System.
[[0;32m  OK  [0m] Started Create list of required sta…vice nodes for the current kernel.
[[0;32m  OK  [0m] Mounted POSIX Message Queue File System.
[[0;32m  OK  [0m] Started LVM2 metadata daemon.
         Starting Create Static Device Nodes in /dev...
[[0;32m  OK  [0m] Started Remount Root and Kernel File Systems.
         Starting Load/Save Random Seed...
[    6.401389] iscsi: registered transport (iser)
[[0;32m  OK  [0m] Started Load Kernel Modules.
[[0;32m  OK  [0m] Started udev Coldplug all Devices.
[[0;32m  OK  [0m] Started Create Static Device Nodes in /dev.
         Starting udev Kernel Device Manager...
         Mounting FUSE Control File System...
         Mounting Kernel Configuration File System...
         Starting Apply Kernel Variables...
[[0;32m  OK  [0m] Mounted FUSE Control File System.
[[0;32m  OK  [0m] Mounted Kernel Configuration File System.
[[0;32m  OK  [0m] Started Load/Save Random Seed.
[[0;32m  OK  [0m] Started Journal Service.
         Starting Flush Journal to Persistent Storage...
[[0;32m  OK  [0m] Started udev Kernel Device Manager.
[[0;32m  OK  [0m] Started Monitoring of LVM2 mirrors,…sing dmeventd or progress polling.
[[0;32m  OK  [0m] Started Apply Kernel Variables.
[[0;32m  OK  [0m] Started Flush Journal to Persistent Storage.
[[0;32m  OK  [0m] Found device /dev/ttyS0.
[[0;32m  OK  [0m] Listening on Load/Save RF Kill Switch Status /dev/rfkill Watch.
[[0;32m  OK  [0m] Started Set the console keyboard layout.
[[0;32m  OK  [0m] Started Dispatch Password Requests to Console Directory Watch.
[[0;32m  OK  [0m] Reached target Local Encrypted Volumes.
[[0;32m  OK  [0m] Reached target Local File Systems (Pre).
[[0;32m  OK  [0m] Reached target Local File Systems.
         Starting Tell Plymouth To Write Out Runtime Data...
         Starting AppArmor initialization...
         Starting Create Volatile Files and Directories...
         Starting Set console font and keymap...
         Starting ebtables ruleset management...
         Starting Commit a transient machine-id on disk...
[[0;32m  OK  [0m] Started Tell Plymouth To Write Out Runtime Data.
[[0;32m  OK  [0m] Started Set console font and keymap.
[[0;32m  OK  [0m] Started Create Volatile Files and Directories.
         Starting Update UTMP about System Boot/Shutdown...
[[0;32m  OK  [0m] Started Update UTMP about System Boot/Shutdown.
[[0;32m  OK  [0m] Started ebtables ruleset management.
[[0;32m  OK  [0m] Started Commit a transient machine-id on disk.
[[0;32m  OK  [0m] Started AppArmor initialization.
         Starting Initial cloud-init job (pre-networking)...
[   11.937439] cloud-init[632]: Cloud-init v. 19.4-33-gbb4131a2-0ubuntu1~18.04.1 running 'init-local' at Fri, 18 Nov 2022 10:27:14 +0000. Up 11.15 seconds.
[[0;32m  OK  [0m] Started Initial cloud-init job (pre-networking).
[[0;32m  OK  [0m] Reached target Network (Pre).
         Starting Network Service...
[[0;32m  OK  [0m] Started Network Service.
         Starting Network Name Resolution...
         Starting Wait for Network to be Configured...
[[0;32m  OK  [0m] Started Network Name Resolution.
[[0;32m  OK  [0m] Reached target Network.
[[0;32m  OK  [0m] Reached target Host and Network Name Lookups.
[[0;32m  OK  [0m] Started Wait for Network to be Configured.
         Starting Initial cloud-init job (metadata service crawler)...
[   14.876851] cloud-init[755]: Cloud-init v. 19.4-33-gbb4131a2-0ubuntu1~18.04.1 running 'init' at Fri, 18 Nov 2022 10:27:17 +0000. Up 14.52 seconds.
[   14.881099] cloud-init[755]: ci-info: ++++++++++++++++++++++++++++++++++++++Net device info+++++++++++++++++++++++++++++++++++++++
[   14.882717] cloud-init[755]: ci-info: +--------+-------+----------------------------+---------------+--------+-------------------+
[   14.893144] cloud-init[755]: ci-info: | Device |   Up  |          Address           |      Mask     | Scope  |     Hw-Address    |
[   14.895835] cloud-init[755]: ci-info: +--------+-------+----------------------------+---------------+--------+-------------------+
[   14.900792] cloud-init[755]: ci-info: | enp0s3 |  True |         10.0.2.15          | 255.255.255.0 | global | 02:d4:98:90:c8:2b |
[   14.905202] cloud-init[755]: ci-info: | enp0s3 |  True | fe80::d4:98ff:fe90:c82b/64 |       .       |  link  | 02:d4:98:90:c8:2b |
[   14.910703] cloud-init[755]: ci-info: | enp0s8 | False |             .              |       .       |   .    | 08:00:27:96:5f:a5 |
[   14.918419] cloud-init[755]: ci-info: |   lo   |  True |         127.0.0.1          |   255.0.0.0   |  host  |         .         |
[   14.923521] cloud-init[755]: ci-info: |   lo   |  True |          ::1/128           |       .       |  host  |         .         |
[   14.930286] cloud-init[755]: ci-info: +--------+-------+----------------------------+---------------+--------+-------------------+
[   14.936930] cloud-init[755]: ci-info: ++++++++++++++++++++++++++++Route IPv4 info+++++++++++++++++++++++++++++
[   14.943565] cloud-init[755]: ci-info: +-------+-------------+----------+-----------------+-----------+-------+
[   14.947695] cloud-init[755]: ci-info: | Route | Destination | Gateway  |     Genmask     | Interface | Flags |
[   14.952379] cloud-init[755]: ci-info: +-------+-------------+----------+-----------------+-----------+-------+
[   14.960056] cloud-init[755]: ci-info: |   0   |   0.0.0.0   | 10.0.2.2 |     0.0.0.0     |   enp0s3  |   UG  |
[   14.970520] cloud-init[755]: ci-info: |   1   |   10.0.2.0  | 0.0.0.0  |  255.255.255.0  |   enp0s3  |   U   |
[   14.980580] cloud-init[755]: ci-info: |   2   |   10.0.2.2  | 0.0.0.0  | 255.255.255.255 |   enp0s3  |   UH  |
[   15.008043] cloud-init[755]: ci-info: +-------+-------------+----------+-----------------+-----------+-------+
[   15.020067] cloud-init[755]: ci-info: +++++++++++++++++++Route IPv6 info+++++++++++++++++++
[   15.032550] cloud-init[755]: ci-info: +-------+-------------+---------+-----------+-------+
[   15.039674] cloud-init[755]: ci-info: | Route | Destination | Gateway | Interface | Flags |
[   15.044445] cloud-init[755]: ci-info: +-------+-------------+---------+-----------+-------+
[   15.046815] cloud-init[755]: ci-info: |   1   |  fe80::/64  |    ::   |   enp0s3  |   U   |
[   15.049101] cloud-init[755]: ci-info: |   3   |    local    |    ::   |   enp0s3  |   U   |
[   15.056395] cloud-init[755]: ci-info: |   4   |   ff00::/8  |    ::   |   enp0s3  |   U   |
[   15.060985] cloud-init[755]: ci-info: +-------+-------------+---------+-----------+-------+
[   16.246547] cloud-init[755]: Generating public/private rsa key pair.
[   16.251660] cloud-init[755]: Your identification has been saved in /etc/ssh/ssh_host_rsa_key.
[   16.252917] cloud-init[755]: Your public key has been saved in /etc/ssh/ssh_host_rsa_key.pub.
[   16.254269] cloud-init[755]: The key fingerprint is:
[   16.256524] cloud-init[755]: SHA256:Rjwc3XCssePmwJc5flS3imVahS5ls/RVsVVF5fdFbkA root@ubuntu-bionic
[   16.264629] cloud-init[755]: The key's randomart image is:
[   16.276315] cloud-init[755]: +---[RSA 2048]----+
[   16.293381] cloud-init[755]: |        ...+..Eo%|
[   16.303295] cloud-init[755]: |       o .o.o  =+|
[   16.308931] cloud-init[755]: |        =  +  ..B|
[   16.310237] cloud-init[755]: |       . .+  *.o*|
[   16.310869] cloud-init[755]: |       .S. +=.=.+|
[   16.311592] cloud-init[755]: |       .o B..* o |
[   16.324375] cloud-init[755]: |         * oB .  |
[   16.325000] cloud-init[755]: |          oo..   |
[   16.325755] cloud-init[755]: |           .     |
[   16.340350] cloud-init[755]: +----[SHA256]-----+
[   16.346666] cloud-init[755]: Generating public/private dsa key pair.
[   16.350291] cloud-init[755]: Your identification has been saved in /etc/ssh/ssh_host_dsa_key.
[   16.354021] cloud-init[755]: Your public key has been saved in /etc/ssh/ssh_host_dsa_key.pub.
[   16.355793] cloud-init[755]: The key fingerprint is:
[   16.356863] cloud-init[755]: SHA256:UWFhQ1V1StX2CPoSBczRdNNiwLMBOt+cvTRvACyderE root@ubuntu-bionic
[   16.368339] cloud-init[755]: The key's randomart image is:
[   16.380370] cloud-init[755]: +---[DSA 1024]----+
[[0;32m  OK  [0m] Started Initial cloud-init job (metadata service crawler).
[   16.387625] cloud-init[755]: |         +%@+o=+=|
[   16.389070] cloud-init[755]: |         =o+B+oo=|
[[0;32m  OK  [0m[   16.390425] ] cloud-initReached target System Initialization.[755]: 
|        + .o**.+.|
[   16.391438] cloud-init[755]: |         +o=.*. .|
[   16.392289] cloud-init[755]: |        S ooE =  |
[   16.393169] cloud-init[755]: |          .... = |
[   16.394179] cloud-init[755]: |           .  . o|
[   16.394989] cloud-init[755]: |               . |
[   16.395934] cloud-init[755]: |                 |
         Starting LXD - unix socket.
[   16.396725] cloud-init[755]: +----[SHA256]-----+
[   16.397819] cloud-init[755]: Generating public/private ecdsa key pair.
[[0;32m  OK  [0m] Started ACPI Events Check.
[   16.402983] cloud-init[755]: Your identification has been saved in /etc/ssh/ssh_host_ecdsa_key.
[   16.406201] cloud-init[755]: Your public key has been saved in /etc/ssh/ssh_host_ecdsa_key.pub.
[   16.407812] cloud-init[755]: The key fingerprint is:
[   16.411163] cloud-init[755]: SHA256:KFt6Xol07DXuXuASj43m8P7O8ZNhx3idk+KtKuhLicM root@ubuntu-bionic
[   16.425472] cloud-init[755]: The key's randomart image is:
[   16.444076] cloud-init[755]: +---[ECDSA 256]---+
[[0;32m  OK  [0m] Reached target Paths.
[   16.450261] cloud-init[755]: [|                 |[0;32m  OK  [0m
] Started Daily apt download activities.
[   16.462685] cloud-init[755]: |                 |
[   16.463434] cloud-init[755]: |                 |
[   16.464362] cloud-init[755]: |       o         |
[[0;32m  OK  [0m] Started Daily apt upgrade and clean activities.
[   16.467535] [[0;32m  OK  [0m] Started Discard unused blocks once a week.
[[0;32m  OK  [0m] Listening on UUID daemon activation socket.
[[0;32m  OK  [0m] Started Daily Cleanup of Temporary Directories.
cloud-init[755]: |    . + S +  o .o|
[[0;32m  OK  [0m] Listening on ACPID Listen Socket.
[   16.473837] cloud-init[[0;32m  OK  [0m] Listening on Open-iSCSI iscsid Socket.
[[0;32m  OK  [0m] Listening on D-Bus System Message Bus Socket.
[755]: |    .*.+.@ o+.++.|
[[0;32m  OK  [0m] Started Message of the Day.
[[0;32m  OK  [0m] Reached target Timers.
         Starting Socket activation for snappy daemon.
[[0;32m  OK  [0m] Reached target Cloud-config availability.
[[0;32m  OK  [0m] Reached target Network is Online.
[   16.487589] cloud-init[755]: |    oE+oX *.o=o .|
[[0;32m  OK  [0m] Reached target Remote File Systems (Pre).
[[0;32m  OK  [0m] Reached target Remote File Systems.
         Starting Availability of block devices...
[   16.523769] cloud-init[755]: |     ooB = +o. . |
[[0;32m  OK  [0m] Listening on LXD - unix socket.
[   16.537439] cloud-init[755]: |      o+=+B.oo.  |
[[0;32m  OK  [0m] Listening on Socket activation for snappy daemon.
[[0;32m  OK  [0m] Reached target Sockets.
[[0;32m  OK  [0m] Reached target Basic System.
[   16.541951] cloud-init[755]: +----[SHA256]-----+
[   16.602149] cloud-init[755]: Generating public/private ed25519 key pair.
[   16.602820] cloud-init[755]: Your identification has been saved in /etc/ssh/ssh_host_ed25519_key.
[   16.603757] cloud-init[755]: Your public key has been saved in /etc/ssh/ssh_host_ed25519_key.pub.
[   16.604775] cloud-init[755]: The key fingerprint is:
[   16.605040] cloud-init[755]: SHA256:6MhJgZaFuOM01gXkHhoyirDfRdR7/8Xjo475EKYjtr8 root@ubuntu-bionic
[   16.605125] cloud-init[755]: The key's randomart image is:
[   16.606305] cloud-init[755]: +--[ED25519 256]--+
[   16.606402] cloud-init[755]: | ..+o ..         |
[   16.606469] cloud-init[755]: |. o+ o  .        |
[   16.606888] cloud-init[755]: |+o=oo .  .       |
[   16.607121] cloud-init[755]: |BB+..o .. .      |
[   16.607707] cloud-init[755]: |Bo... o S. +   . |
[   16.607787] cloud-init[755]: | o + =    o o  .o|
[   16.607870] cloud-init[755]: |  . = .o o . ....|
[[0;32m  OK  [0m] Started Regular background program processing daemon.
[[0;32m  OK  [0m] Started FUSE filesystem for LXC.
[[0;32m  OK  [0m] Started Deferred execution scheduler.
[   16.630405] cloud-init[755]: |      . o . + .o |
[   16.657796] cloud-init         Starting Permit User Sessions...
[755]: |       ..E.oo+. .|
[   16.659965] [[0;32m  OK  [0m] Started D-Bus System Message Bus.
cloud-init[755]: +----[SHA256]-----+
         Starting Login Service...
         Starting Pollinate to seed the pseudo random number generator...
         Starting System Logging Service...
         Starting LXD - container startup/shutdown...
         Starting Dispatcher daemon for systemd-networkd...
         Starting Virtualbox guest utils...
         Starting Snappy daemon...
         Starting LSB: Record successful boot for GRUB...
         Starting Accounts Service...
         Starting LSB: automatic crash report generation...
[[0;32m  OK  [0m] Started irqbalance daemon.
[[0;32m  OK  [0m] Started System Logging Service.
[[0;32m  OK  [0m] Started Availability of block devices.
[[0;32m  OK  [0m] Started Permit User Sessions.
[[0;32m  OK  [0m] Started Login Service.
[[0;32m  OK  [0m] Started Unattended Upgrades Shutdown.
         Starting Hold until boot process finishes up...
         Starting Terminate Plymouth Boot Screen...
[[0;32m  OK  [0m] Started Hold until boot process finishes up.
[[0;32m  OK  [0m] Started Serial Getty on ttyS0.
         Starting Set console scheme...
[[0;32m  OK  [0m] Started Terminate Plymouth Boot Screen.
[[0;32m  OK  [0m] Started LXD - container startup/shutdown.
[[0;32m  OK  [0m] Started Set console scheme.
[[0;32m  OK  [0m] Created slice system-getty.slice.
[[0;32m  OK  [0m] Started Getty on tty1.
[[0;32m  OK  [0m] Reached target Login Prompts.
[[0;32m  OK  [0m] Started LSB: automatic crash report generation.
[[0;32m  OK  [0m] Started LSB: Record successful boot for GRUB.
         Starting Authorization Manager...
[[0;32m  OK  [0m] Started Authorization Manager.
[[0;32m  OK  [0m] Started Accounts Service.
[[0;32m  OK  [0m] Started Virtualbox guest utils.
[[0;32m  OK  [0m] Started Dispatcher daemon for systemd-networkd.
[[0;32m  OK  [0m] Started Snappy daemon.
         Starting Wait until snapd is fully seeded...
[[0;32m  OK  [0m] Started Wait until snapd is fully seeded.
         Starting Apply the settings specified in cloud-config...

Ubuntu 18.04.4 LTS ubuntu-bionic ttyS0

ubuntu-bionic login: [   23.742121] cloud-init[1202]: Cloud-init v. 19.4-33-gbb4131a2-0ubuntu1~18.04.1 running 'modules:config' at Fri, 18 Nov 2022 10:27:26 +0000. Up 22.91 seconds.
ci-info: no authorized SSH keys fingerprints found for user ubuntu.
<14>Nov 18 10:27:29 ec2: 
<14>Nov 18 10:27:29 ec2: #############################################################
<14>Nov 18 10:27:29 ec2: -----BEGIN SSH HOST KEY FINGERPRINTS-----
<14>Nov 18 10:27:29 ec2: 1024 SHA256:UWFhQ1V1StX2CPoSBczRdNNiwLMBOt+cvTRvACyderE root@ubuntu-bionic (DSA)
<14>Nov 18 10:27:29 ec2: 256 SHA256:KFt6Xol07DXuXuASj43m8P7O8ZNhx3idk+KtKuhLicM root@ubuntu-bionic (ECDSA)
<14>Nov 18 10:27:29 ec2: 256 SHA256:6MhJgZaFuOM01gXkHhoyirDfRdR7/8Xjo475EKYjtr8 root@ubuntu-bionic (ED25519)
<14>Nov 18 10:27:29 ec2: 2048 SHA256:Rjwc3XCssePmwJc5flS3imVahS5ls/RVsVVF5fdFbkA root@ubuntu-bionic (RSA)
<14>Nov 18 10:27:29 ec2: -----END SSH HOST KEY FINGERPRINTS-----
<14>Nov 18 10:27:29 ec2: #############################################################
-----BEGIN SSH HOST KEY KEYS-----
ecdsa-sha2-nistp256 AAAAE2VjZHNhLXNoYTItbmlzdHAyNTYAAAAIbmlzdHAyNTYAAABBBLXQT0V+Pp6/VPge+cC9Wm1Vh9/D2UWs7d5iQBonYHkvqB2cktGv+gWI+Q/TUFoRSH/p1mDS1bpdC7eSoGIPF3A= root@ubuntu-bionic
ssh-ed25519 AAAAC3NzaC1lZDI1NTE5AAAAIDw+Re13wg9XoG7VmRcF04iyym/7DzPSnXM2Tqb7a3Ri root@ubuntu-bionic
ssh-rsa AAAAB3NzaC1yc2EAAAADAQABAAABAQC8kTJcV4nWH0Yf0TKrvldg4uufkniXq0lVeO+QullyNIhnf37XLoMQjwQpjc8ZvsanmG2R0E+sVegYmMHKuJwcb6D90b83z1X9da9A2IOzGTALReuuHJMbk2CbokMSYx2GyHhTv9UG5CNYuxIWxpILRYq2XHB4kwfZ/FDRDusWtMjLF4e2uZSuoZAdr5fCRc1gy44e9orn2wsdbgLUwAH4lzmPDENxbuEeqXoPC7OX64FgeiWJr/FyvGJjhKQvIBAb/6C6t46OAedshJDgo9aLqbdvMLElXslWARAdcI21coroQCBzyQ7tXOjEG/osEt8LFreTeX4X3X9cz+O0FNf3 root@ubuntu-bionic
-----END SSH HOST KEY KEYS-----
[   25.851241] cloud-init[1305]: Cloud-init v. 19.4-33-gbb4131a2-0ubuntu1~18.04.1 running 'modules:final' at Fri, 18 Nov 2022 10:27:28 +0000. Up 25.41 seconds.
[   25.853277] cloud-init[1305]: ci-info: no authorized SSH keys fingerprints found for user ubuntu.
[   25.854417] cloud-init[1305]: Cloud-init v. 19.4-33-gbb4131a2-0ubuntu1~18.04.1 finished at Fri, 18 Nov 2022 10:27:29 +0000. Datasource DataSourceNoCloud [seed=/dev/sdb][dsmode=net].  Up 25.83 seconds
